Analysis & Synthesis report for carry_select
Fri Feb 13 12:56:45 2015
Quartus II 64-Bit Version 14.0.0 Build 200 06/17/2014 SJ Full Version


---------------------
; Table of Contents ;
---------------------
  1. Legal Notice
  2. Analysis & Synthesis Summary
  3. Analysis & Synthesis Settings
  4. Parallel Compilation
  5. Analysis & Synthesis Source Files Read
  6. Analysis & Synthesis Resource Usage Summary
  7. Analysis & Synthesis Resource Utilization by Entity
  8. State Machine - |carry_select|control:Ctrl|curr_state
  9. Registers Removed During Synthesis
 10. General Register Statistics
 11. Multiplexer Restructuring Statistics (Restructuring Performed)
 12. Port Connectivity Checks: "carry_select16:csa|full_adder_4:FA32"
 13. Port Connectivity Checks: "carry_select16:csa|full_adder_4:FA31"
 14. Port Connectivity Checks: "carry_select16:csa|full_adder_4:FA22"
 15. Port Connectivity Checks: "carry_select16:csa|full_adder_4:FA21"
 16. Port Connectivity Checks: "carry_select16:csa|full_adder_4:FA12"
 17. Port Connectivity Checks: "carry_select16:csa|full_adder_4:FA11"
 18. Post-Synthesis Netlist Statistics for Top Partition
 19. Elapsed Time Per Partition
 20. Analysis & Synthesis Messages
 21. Analysis & Synthesis Suppressed Messages



----------------
; Legal Notice ;
----------------
Copyright (C) 1991-2014 Altera Corporation. All rights reserved.
Your use of Altera Corporation's design tools, logic functions 
and other software and tools, and its AMPP partner logic 
functions, and any output files from any of the foregoing 
(including device programming or simulation files), and any 
associated documentation or information are expressly subject 
to the terms and conditions of the Altera Program License 
Subscription Agreement, the Altera Quartus II License Agreement,
the Altera MegaCore Function License Agreement, or other 
applicable license agreement, including, without limitation, 
that your use is for the sole purpose of programming logic 
devices manufactured by Altera and sold by Altera or its 
authorized distributors.  Please refer to the applicable 
agreement for further details.



+----------------------------------------------------------------------------------+
; Analysis & Synthesis Summary                                                     ;
+------------------------------------+---------------------------------------------+
; Analysis & Synthesis Status        ; Successful - Fri Feb 13 12:56:45 2015       ;
; Quartus II 64-Bit Version          ; 14.0.0 Build 200 06/17/2014 SJ Full Version ;
; Revision Name                      ; carry_select                                ;
; Top-level Entity Name              ; carry_select                                ;
; Family                             ; Cyclone IV E                                ;
; Total logic elements               ; 167                                         ;
;     Total combinational functions  ; 167                                         ;
;     Dedicated logic registers      ; 19                                          ;
; Total registers                    ; 19                                          ;
; Total pins                         ; 93                                          ;
; Total virtual pins                 ; 0                                           ;
; Total memory bits                  ; 0                                           ;
; Embedded Multiplier 9-bit elements ; 0                                           ;
; Total PLLs                         ; 0                                           ;
+------------------------------------+---------------------------------------------+


+----------------------------------------------------------------------------------------------------------------------+
; Analysis & Synthesis Settings                                                                                        ;
+----------------------------------------------------------------------------+--------------------+--------------------+
; Option                                                                     ; Setting            ; Default Value      ;
+----------------------------------------------------------------------------+--------------------+--------------------+
; Device                                                                     ; EP4CE115F29C7      ;                    ;
; Top-level entity name                                                      ; carry_select       ; carry_select       ;
; Family name                                                                ; Cyclone IV E       ; Cyclone IV GX      ;
; Use smart compilation                                                      ; Off                ; Off                ;
; Enable parallel Assembler and TimeQuest Timing Analyzer during compilation ; On                 ; On                 ;
; Enable compact report table                                                ; Off                ; Off                ;
; Restructure Multiplexers                                                   ; Auto               ; Auto               ;
; Create Debugging Nodes for IP Cores                                        ; Off                ; Off                ;
; Preserve fewer node names                                                  ; On                 ; On                 ;
; Disable OpenCore Plus hardware evaluation                                  ; Off                ; Off                ;
; Verilog Version                                                            ; Verilog_2001       ; Verilog_2001       ;
; VHDL Version                                                               ; VHDL_1993          ; VHDL_1993          ;
; State Machine Processing                                                   ; Auto               ; Auto               ;
; Safe State Machine                                                         ; Off                ; Off                ;
; Extract Verilog State Machines                                             ; On                 ; On                 ;
; Extract VHDL State Machines                                                ; On                 ; On                 ;
; Ignore Verilog initial constructs                                          ; Off                ; Off                ;
; Iteration limit for constant Verilog loops                                 ; 5000               ; 5000               ;
; Iteration limit for non-constant Verilog loops                             ; 250                ; 250                ;
; Add Pass-Through Logic to Inferred RAMs                                    ; On                 ; On                 ;
; Infer RAMs from Raw Logic                                                  ; On                 ; On                 ;
; Parallel Synthesis                                                         ; On                 ; On                 ;
; DSP Block Balancing                                                        ; Auto               ; Auto               ;
; NOT Gate Push-Back                                                         ; On                 ; On                 ;
; Power-Up Don't Care                                                        ; On                 ; On                 ;
; Remove Redundant Logic Cells                                               ; Off                ; Off                ;
; Remove Duplicate Registers                                                 ; On                 ; On                 ;
; Ignore CARRY Buffers                                                       ; Off                ; Off                ;
; Ignore CASCADE Buffers                                                     ; Off                ; Off                ;
; Ignore GLOBAL Buffers                                                      ; Off                ; Off                ;
; Ignore ROW GLOBAL Buffers                                                  ; Off                ; Off                ;
; Ignore LCELL Buffers                                                       ; Off                ; Off                ;
; Ignore SOFT Buffers                                                        ; On                 ; On                 ;
; Limit AHDL Integers to 32 Bits                                             ; Off                ; Off                ;
; Optimization Technique                                                     ; Balanced           ; Balanced           ;
; Carry Chain Length                                                         ; 70                 ; 70                 ;
; Auto Carry Chains                                                          ; On                 ; On                 ;
; Auto Open-Drain Pins                                                       ; On                 ; On                 ;
; Perform WYSIWYG Primitive Resynthesis                                      ; Off                ; Off                ;
; Auto ROM Replacement                                                       ; On                 ; On                 ;
; Auto RAM Replacement                                                       ; On                 ; On                 ;
; Auto DSP Block Replacement                                                 ; On                 ; On                 ;
; Auto Shift Register Replacement                                            ; Auto               ; Auto               ;
; Allow Shift Register Merging across Hierarchies                            ; Auto               ; Auto               ;
; Auto Clock Enable Replacement                                              ; On                 ; On                 ;
; Strict RAM Replacement                                                     ; Off                ; Off                ;
; Allow Synchronous Control Signals                                          ; On                 ; On                 ;
; Force Use of Synchronous Clear Signals                                     ; Off                ; Off                ;
; Auto RAM Block Balancing                                                   ; On                 ; On                 ;
; Auto RAM to Logic Cell Conversion                                          ; Off                ; Off                ;
; Auto Resource Sharing                                                      ; Off                ; Off                ;
; Allow Any RAM Size For Recognition                                         ; Off                ; Off                ;
; Allow Any ROM Size For Recognition                                         ; Off                ; Off                ;
; Allow Any Shift Register Size For Recognition                              ; Off                ; Off                ;
; Use LogicLock Constraints during Resource Balancing                        ; On                 ; On                 ;
; Ignore translate_off and synthesis_off directives                          ; Off                ; Off                ;
; Timing-Driven Synthesis                                                    ; On                 ; On                 ;
; Report Parameter Settings                                                  ; On                 ; On                 ;
; Report Source Assignments                                                  ; On                 ; On                 ;
; Report Connectivity Checks                                                 ; On                 ; On                 ;
; Ignore Maximum Fan-Out Assignments                                         ; Off                ; Off                ;
; Synchronization Register Chain Length                                      ; 2                  ; 2                  ;
; PowerPlay Power Optimization                                               ; Normal compilation ; Normal compilation ;
; HDL message level                                                          ; Level2             ; Level2             ;
; Suppress Register Optimization Related Messages                            ; Off                ; Off                ;
; Number of Removed Registers Reported in Synthesis Report                   ; 5000               ; 5000               ;
; Number of Swept Nodes Reported in Synthesis Report                         ; 5000               ; 5000               ;
; Number of Inverted Registers Reported in Synthesis Report                  ; 100                ; 100                ;
; Clock MUX Protection                                                       ; On                 ; On                 ;
; Auto Gated Clock Conversion                                                ; Off                ; Off                ;
; Block Design Naming                                                        ; Auto               ; Auto               ;
; SDC constraint protection                                                  ; Off                ; Off                ;
; Synthesis Effort                                                           ; Auto               ; Auto               ;
; Shift Register Replacement - Allow Asynchronous Clear Signal               ; On                 ; On                 ;
; Pre-Mapping Resynthesis Optimization                                       ; Off                ; Off                ;
; Analysis & Synthesis Message Level                                         ; Medium             ; Medium             ;
; Disable Register Merging Across Hierarchies                                ; Auto               ; Auto               ;
; Resource Aware Inference For Block RAM                                     ; On                 ; On                 ;
; Synthesis Seed                                                             ; 1                  ; 1                  ;
+----------------------------------------------------------------------------+--------------------+--------------------+


+------------------------------------------+
; Parallel Compilation                     ;
+----------------------------+-------------+
; Processors                 ; Number      ;
+----------------------------+-------------+
; Number detected on machine ; 4           ;
; Maximum allowed            ; 4           ;
;                            ;             ;
; Average used               ; 1.00        ;
; Maximum used               ; 1           ;
;                            ;             ;
; Usage by Processor         ; % Time Used ;
;     Processor 1            ; 100.0%      ;
;     Processors 2-4         ;   0.0%      ;
+----------------------------+-------------+


+---------------------------------------------------------------------------------------------------------------------------------+
; Analysis & Synthesis Source Files Read                                                                                          ;
+----------------------------------+-----------------+------------------------------+-----------------------------------+---------+
; File Name with User-Entered Path ; Used in Netlist ; File Type                    ; File Name with Absolute Path      ; Library ;
+----------------------------------+-----------------+------------------------------+-----------------------------------+---------+
; mux21.sv                         ; yes             ; User SystemVerilog HDL File  ; U:/Carry_select/mux21.sv          ;         ;
; full_adder_4.sv                  ; yes             ; User SystemVerilog HDL File  ; U:/Carry_select/full_adder_4.sv   ;         ;
; carry_select16.sv                ; yes             ; User SystemVerilog HDL File  ; U:/Carry_select/carry_select16.sv ;         ;
; mux21_4.sv                       ; yes             ; User SystemVerilog HDL File  ; U:/Carry_select/mux21_4.sv        ;         ;
; reg_17.sv                        ; yes             ; User SystemVerilog HDL File  ; U:/Carry_select/reg_17.sv         ;         ;
; HexDriver.sv                     ; yes             ; User SystemVerilog HDL File  ; U:/Carry_select/HexDriver.sv      ;         ;
; full_adder.sv                    ; yes             ; User SystemVerilog HDL File  ; U:/Carry_select/full_adder.sv     ;         ;
; control.sv                       ; yes             ; User SystemVerilog HDL File  ; U:/Carry_select/control.sv        ;         ;
; carry_select.sv                  ; yes             ; User SystemVerilog HDL File  ; U:/Carry_select/carry_select.sv   ;         ;
+----------------------------------+-----------------+------------------------------+-----------------------------------+---------+


+-----------------------------------------------------------+
; Analysis & Synthesis Resource Usage Summary               ;
+---------------------------------------------+-------------+
; Resource                                    ; Usage       ;
+---------------------------------------------+-------------+
; Estimated Total logic elements              ; 167         ;
;                                             ;             ;
; Total combinational functions               ; 167         ;
; Logic element usage by number of LUT inputs ;             ;
;     -- 4 input functions                    ; 121         ;
;     -- 3 input functions                    ; 26          ;
;     -- <=2 input functions                  ; 20          ;
;                                             ;             ;
; Logic elements by mode                      ;             ;
;     -- normal mode                          ; 167         ;
;     -- arithmetic mode                      ; 0           ;
;                                             ;             ;
; Total registers                             ; 19          ;
;     -- Dedicated logic registers            ; 19          ;
;     -- I/O registers                        ; 0           ;
;                                             ;             ;
; I/O pins                                    ; 93          ;
; Embedded Multiplier 9-bit elements          ; 0           ;
; Maximum fan-out node                        ; Reset~input ;
; Maximum fan-out                             ; 37          ;
; Total fan-out                               ; 825         ;
; Average fan-out                             ; 2.22        ;
+---------------------------------------------+-------------+


+---------------------------------------------------------------------------------------------------------------------------------------------------------------------------------------------------------------------------+
; Analysis & Synthesis Resource Utilization by Entity                                                                                                                                                                       ;
+----------------------------+-------------------+--------------+-------------+--------------+---------+-----------+------+--------------+-------------------------------------------------------------------+--------------+
; Compilation Hierarchy Node ; LC Combinationals ; LC Registers ; Memory Bits ; DSP Elements ; DSP 9x9 ; DSP 18x18 ; Pins ; Virtual Pins ; Full Hierarchy Name                                               ; Library Name ;
+----------------------------+-------------------+--------------+-------------+--------------+---------+-----------+------+--------------+-------------------------------------------------------------------+--------------+
; |carry_select              ; 167 (0)           ; 19 (0)       ; 0           ; 0            ; 0       ; 0         ; 93   ; 0            ; |carry_select                                                     ; work         ;
;    |HexDriver:HexA0|       ; 7 (7)             ; 0 (0)        ; 0           ; 0            ; 0       ; 0         ; 0    ; 0            ; |carry_select|HexDriver:HexA0                                     ; work         ;
;    |HexDriver:HexA1|       ; 7 (7)             ; 0 (0)        ; 0           ; 0            ; 0       ; 0         ; 0    ; 0            ; |carry_select|HexDriver:HexA1                                     ; work         ;
;    |HexDriver:HexA2|       ; 7 (7)             ; 0 (0)        ; 0           ; 0            ; 0       ; 0         ; 0    ; 0            ; |carry_select|HexDriver:HexA2                                     ; work         ;
;    |HexDriver:HexA3|       ; 7 (7)             ; 0 (0)        ; 0           ; 0            ; 0       ; 0         ; 0    ; 0            ; |carry_select|HexDriver:HexA3                                     ; work         ;
;    |HexDriver:HexB0|       ; 7 (7)             ; 0 (0)        ; 0           ; 0            ; 0       ; 0         ; 0    ; 0            ; |carry_select|HexDriver:HexB0                                     ; work         ;
;    |HexDriver:HexB1|       ; 7 (7)             ; 0 (0)        ; 0           ; 0            ; 0       ; 0         ; 0    ; 0            ; |carry_select|HexDriver:HexB1                                     ; work         ;
;    |HexDriver:HexB2|       ; 7 (7)             ; 0 (0)        ; 0           ; 0            ; 0       ; 0         ; 0    ; 0            ; |carry_select|HexDriver:HexB2                                     ; work         ;
;    |HexDriver:HexB3|       ; 7 (7)             ; 0 (0)        ; 0           ; 0            ; 0       ; 0         ; 0    ; 0            ; |carry_select|HexDriver:HexB3                                     ; work         ;
;    |carry_select16:csa|    ; 42 (8)            ; 0 (0)        ; 0           ; 0            ; 0       ; 0         ; 0    ; 0            ; |carry_select|carry_select16:csa                                  ; work         ;
;       |full_adder_4:FA0|   ; 4 (0)             ; 0 (0)        ; 0           ; 0            ; 0       ; 0         ; 0    ; 0            ; |carry_select|carry_select16:csa|full_adder_4:FA0                 ; work         ;
;          |full_adder:FA0|  ; 1 (1)             ; 0 (0)        ; 0           ; 0            ; 0       ; 0         ; 0    ; 0            ; |carry_select|carry_select16:csa|full_adder_4:FA0|full_adder:FA0  ; work         ;
;          |full_adder:FA1|  ; 1 (1)             ; 0 (0)        ; 0           ; 0            ; 0       ; 0         ; 0    ; 0            ; |carry_select|carry_select16:csa|full_adder_4:FA0|full_adder:FA1  ; work         ;
;          |full_adder:FA2|  ; 1 (1)             ; 0 (0)        ; 0           ; 0            ; 0       ; 0         ; 0    ; 0            ; |carry_select|carry_select16:csa|full_adder_4:FA0|full_adder:FA2  ; work         ;
;          |full_adder:FA3|  ; 1 (1)             ; 0 (0)        ; 0           ; 0            ; 0       ; 0         ; 0    ; 0            ; |carry_select|carry_select16:csa|full_adder_4:FA0|full_adder:FA3  ; work         ;
;       |full_adder_4:FA11|  ; 5 (0)             ; 0 (0)        ; 0           ; 0            ; 0       ; 0         ; 0    ; 0            ; |carry_select|carry_select16:csa|full_adder_4:FA11                ; work         ;
;          |full_adder:FA1|  ; 2 (2)             ; 0 (0)        ; 0           ; 0            ; 0       ; 0         ; 0    ; 0            ; |carry_select|carry_select16:csa|full_adder_4:FA11|full_adder:FA1 ; work         ;
;          |full_adder:FA2|  ; 2 (2)             ; 0 (0)        ; 0           ; 0            ; 0       ; 0         ; 0    ; 0            ; |carry_select|carry_select16:csa|full_adder_4:FA11|full_adder:FA2 ; work         ;
;          |full_adder:FA3|  ; 1 (1)             ; 0 (0)        ; 0           ; 0            ; 0       ; 0         ; 0    ; 0            ; |carry_select|carry_select16:csa|full_adder_4:FA11|full_adder:FA3 ; work         ;
;       |full_adder_4:FA12|  ; 5 (0)             ; 0 (0)        ; 0           ; 0            ; 0       ; 0         ; 0    ; 0            ; |carry_select|carry_select16:csa|full_adder_4:FA12                ; work         ;
;          |full_adder:FA1|  ; 2 (2)             ; 0 (0)        ; 0           ; 0            ; 0       ; 0         ; 0    ; 0            ; |carry_select|carry_select16:csa|full_adder_4:FA12|full_adder:FA1 ; work         ;
;          |full_adder:FA2|  ; 2 (2)             ; 0 (0)        ; 0           ; 0            ; 0       ; 0         ; 0    ; 0            ; |carry_select|carry_select16:csa|full_adder_4:FA12|full_adder:FA2 ; work         ;
;          |full_adder:FA3|  ; 1 (1)             ; 0 (0)        ; 0           ; 0            ; 0       ; 0         ; 0    ; 0            ; |carry_select|carry_select16:csa|full_adder_4:FA12|full_adder:FA3 ; work         ;
;       |full_adder_4:FA21|  ; 5 (0)             ; 0 (0)        ; 0           ; 0            ; 0       ; 0         ; 0    ; 0            ; |carry_select|carry_select16:csa|full_adder_4:FA21                ; work         ;
;          |full_adder:FA1|  ; 2 (2)             ; 0 (0)        ; 0           ; 0            ; 0       ; 0         ; 0    ; 0            ; |carry_select|carry_select16:csa|full_adder_4:FA21|full_adder:FA1 ; work         ;
;          |full_adder:FA2|  ; 2 (2)             ; 0 (0)        ; 0           ; 0            ; 0       ; 0         ; 0    ; 0            ; |carry_select|carry_select16:csa|full_adder_4:FA21|full_adder:FA2 ; work         ;
;          |full_adder:FA3|  ; 1 (1)             ; 0 (0)        ; 0           ; 0            ; 0       ; 0         ; 0    ; 0            ; |carry_select|carry_select16:csa|full_adder_4:FA21|full_adder:FA3 ; work         ;
;       |full_adder_4:FA22|  ; 5 (0)             ; 0 (0)        ; 0           ; 0            ; 0       ; 0         ; 0    ; 0            ; |carry_select|carry_select16:csa|full_adder_4:FA22                ; work         ;
;          |full_adder:FA1|  ; 2 (2)             ; 0 (0)        ; 0           ; 0            ; 0       ; 0         ; 0    ; 0            ; |carry_select|carry_select16:csa|full_adder_4:FA22|full_adder:FA1 ; work         ;
;          |full_adder:FA2|  ; 2 (2)             ; 0 (0)        ; 0           ; 0            ; 0       ; 0         ; 0    ; 0            ; |carry_select|carry_select16:csa|full_adder_4:FA22|full_adder:FA2 ; work         ;
;          |full_adder:FA3|  ; 1 (1)             ; 0 (0)        ; 0           ; 0            ; 0       ; 0         ; 0    ; 0            ; |carry_select|carry_select16:csa|full_adder_4:FA22|full_adder:FA3 ; work         ;
;       |full_adder_4:FA31|  ; 5 (0)             ; 0 (0)        ; 0           ; 0            ; 0       ; 0         ; 0    ; 0            ; |carry_select|carry_select16:csa|full_adder_4:FA31                ; work         ;
;          |full_adder:FA1|  ; 2 (2)             ; 0 (0)        ; 0           ; 0            ; 0       ; 0         ; 0    ; 0            ; |carry_select|carry_select16:csa|full_adder_4:FA31|full_adder:FA1 ; work         ;
;          |full_adder:FA2|  ; 2 (2)             ; 0 (0)        ; 0           ; 0            ; 0       ; 0         ; 0    ; 0            ; |carry_select|carry_select16:csa|full_adder_4:FA31|full_adder:FA2 ; work         ;
;          |full_adder:FA3|  ; 1 (1)             ; 0 (0)        ; 0           ; 0            ; 0       ; 0         ; 0    ; 0            ; |carry_select|carry_select16:csa|full_adder_4:FA31|full_adder:FA3 ; work         ;
;       |full_adder_4:FA32|  ; 5 (0)             ; 0 (0)        ; 0           ; 0            ; 0       ; 0         ; 0    ; 0            ; |carry_select|carry_select16:csa|full_adder_4:FA32                ; work         ;
;          |full_adder:FA1|  ; 2 (2)             ; 0 (0)        ; 0           ; 0            ; 0       ; 0         ; 0    ; 0            ; |carry_select|carry_select16:csa|full_adder_4:FA32|full_adder:FA1 ; work         ;
;          |full_adder:FA2|  ; 2 (2)             ; 0 (0)        ; 0           ; 0            ; 0       ; 0         ; 0    ; 0            ; |carry_select|carry_select16:csa|full_adder_4:FA32|full_adder:FA2 ; work         ;
;          |full_adder:FA3|  ; 1 (1)             ; 0 (0)        ; 0           ; 0            ; 0       ; 0         ; 0    ; 0            ; |carry_select|carry_select16:csa|full_adder_4:FA32|full_adder:FA3 ; work         ;
;    |control:Ctrl|          ; 2 (2)             ; 2 (2)        ; 0           ; 0            ; 0       ; 0         ; 0    ; 0            ; |carry_select|control:Ctrl                                        ; work         ;
;    |reg_17:Reg|            ; 67 (67)           ; 17 (17)      ; 0           ; 0            ; 0       ; 0         ; 0    ; 0            ; |carry_select|reg_17:Reg                                          ; work         ;
+----------------------------+-------------------+--------------+-------------+--------------+---------+-----------+------+--------------+-------------------------------------------------------------------+--------------+
Note: For table entries with two numbers listed, the numbers in parentheses indicate the number of resources of the given type used by the specific entity alone. The numbers listed outside of parentheses indicate the total resources of the given type used by the specific entity and all of its sub-entities in the hierarchy.


Encoding Type:  One-Hot
+-----------------------------------------------------------+
; State Machine - |carry_select|control:Ctrl|curr_state     ;
+--------------+--------------+--------------+--------------+
; Name         ; curr_state.A ; curr_state.C ; curr_state.B ;
+--------------+--------------+--------------+--------------+
; curr_state.A ; 0            ; 0            ; 0            ;
; curr_state.B ; 1            ; 0            ; 1            ;
; curr_state.C ; 1            ; 1            ; 0            ;
+--------------+--------------+--------------+--------------+


+------------------------------------------------------------+
; Registers Removed During Synthesis                         ;
+---------------------------------------+--------------------+
; Register name                         ; Reason for Removal ;
+---------------------------------------+--------------------+
; control:Ctrl|curr_state.B             ; Lost fanout        ;
; control:Ctrl|curr_state~6             ; Lost fanout        ;
; Total Number of Removed Registers = 2 ;                    ;
+---------------------------------------+--------------------+


+------------------------------------------------------+
; General Register Statistics                          ;
+----------------------------------------------+-------+
; Statistic                                    ; Value ;
+----------------------------------------------+-------+
; Total registers                              ; 19    ;
; Number of registers using Synchronous Clear  ; 0     ;
; Number of registers using Synchronous Load   ; 0     ;
; Number of registers using Asynchronous Clear ; 19    ;
; Number of registers using Asynchronous Load  ; 0     ;
; Number of registers using Clock Enable       ; 0     ;
; Number of registers using Preset             ; 0     ;
+----------------------------------------------+-------+


+-------------------------------------------------------------------------------------------------------------------------------------------------------+
; Multiplexer Restructuring Statistics (Restructuring Performed)                                                                                        ;
+--------------------+-----------+---------------+----------------------+------------------------+------------+-----------------------------------------+
; Multiplexer Inputs ; Bus Width ; Baseline Area ; Area if Restructured ; Saving if Restructured ; Registered ; Example Multiplexer Output              ;
+--------------------+-----------+---------------+----------------------+------------------------+------------+-----------------------------------------+
; 4:1                ; 3 bits    ; 6 LEs         ; 6 LEs                ; 0 LEs                  ; No         ; |carry_select|control:Ctrl|next_state.A ;
+--------------------+-----------+---------------+----------------------+------------------------+------------+-----------------------------------------+


+------------------------------------------------------------------------------------------------------------------------------------------------------------------------------------------------------------------+
; Port Connectivity Checks: "carry_select16:csa|full_adder_4:FA32"                                                                                                                                                 ;
+----------+-------+----------+------------------------------------------------------------------------------------------------------------------------------------------------------------------------------------+
; Port     ; Type  ; Severity ; Details                                                                                                                                                                            ;
+----------+-------+----------+------------------------------------------------------------------------------------------------------------------------------------------------------------------------------------+
; c_in     ; Input ; Warning  ; Input port expression (32 bits) is wider than the input port (1 bits) it drives.  The 31 most-significant bit(s) in the expression will be dangling if they have no other fanouts. ;
; c_in[-1] ; Input ; Info     ; Stuck at VCC                                                                                                                                                                       ;
+----------+-------+----------+------------------------------------------------------------------------------------------------------------------------------------------------------------------------------------+


+------------------------------------------------------------------------------------------------------------------------------------------------------------------------------------------------------------------+
; Port Connectivity Checks: "carry_select16:csa|full_adder_4:FA31"                                                                                                                                                 ;
+----------+-------+----------+------------------------------------------------------------------------------------------------------------------------------------------------------------------------------------+
; Port     ; Type  ; Severity ; Details                                                                                                                                                                            ;
+----------+-------+----------+------------------------------------------------------------------------------------------------------------------------------------------------------------------------------------+
; c_in     ; Input ; Warning  ; Input port expression (32 bits) is wider than the input port (1 bits) it drives.  The 31 most-significant bit(s) in the expression will be dangling if they have no other fanouts. ;
; c_in[-1] ; Input ; Info     ; Stuck at GND                                                                                                                                                                       ;
+----------+-------+----------+------------------------------------------------------------------------------------------------------------------------------------------------------------------------------------+


+------------------------------------------------------------------------------------------------------------------------------------------------------------------------------------------------------------------+
; Port Connectivity Checks: "carry_select16:csa|full_adder_4:FA22"                                                                                                                                                 ;
+----------+-------+----------+------------------------------------------------------------------------------------------------------------------------------------------------------------------------------------+
; Port     ; Type  ; Severity ; Details                                                                                                                                                                            ;
+----------+-------+----------+------------------------------------------------------------------------------------------------------------------------------------------------------------------------------------+
; c_in     ; Input ; Warning  ; Input port expression (32 bits) is wider than the input port (1 bits) it drives.  The 31 most-significant bit(s) in the expression will be dangling if they have no other fanouts. ;
; c_in[-1] ; Input ; Info     ; Stuck at VCC                                                                                                                                                                       ;
+----------+-------+----------+------------------------------------------------------------------------------------------------------------------------------------------------------------------------------------+


+------------------------------------------------------------------------------------------------------------------------------------------------------------------------------------------------------------------+
; Port Connectivity Checks: "carry_select16:csa|full_adder_4:FA21"                                                                                                                                                 ;
+----------+-------+----------+------------------------------------------------------------------------------------------------------------------------------------------------------------------------------------+
; Port     ; Type  ; Severity ; Details                                                                                                                                                                            ;
+----------+-------+----------+------------------------------------------------------------------------------------------------------------------------------------------------------------------------------------+
; c_in     ; Input ; Warning  ; Input port expression (32 bits) is wider than the input port (1 bits) it drives.  The 31 most-significant bit(s) in the expression will be dangling if they have no other fanouts. ;
; c_in[-1] ; Input ; Info     ; Stuck at GND                                                                                                                                                                       ;
+----------+-------+----------+------------------------------------------------------------------------------------------------------------------------------------------------------------------------------------+


+------------------------------------------------------------------------------------------------------------------------------------------------------------------------------------------------------------------+
; Port Connectivity Checks: "carry_select16:csa|full_adder_4:FA12"                                                                                                                                                 ;
+----------+-------+----------+------------------------------------------------------------------------------------------------------------------------------------------------------------------------------------+
; Port     ; Type  ; Severity ; Details                                                                                                                                                                            ;
+----------+-------+----------+------------------------------------------------------------------------------------------------------------------------------------------------------------------------------------+
; c_in     ; Input ; Warning  ; Input port expression (32 bits) is wider than the input port (1 bits) it drives.  The 31 most-significant bit(s) in the expression will be dangling if they have no other fanouts. ;
; c_in[-1] ; Input ; Info     ; Stuck at VCC                                                                                                                                                                       ;
+----------+-------+----------+------------------------------------------------------------------------------------------------------------------------------------------------------------------------------------+


+------------------------------------------------------------------------------------------------------------------------------------------------------------------------------------------------------------------+
; Port Connectivity Checks: "carry_select16:csa|full_adder_4:FA11"                                                                                                                                                 ;
+----------+-------+----------+------------------------------------------------------------------------------------------------------------------------------------------------------------------------------------+
; Port     ; Type  ; Severity ; Details                                                                                                                                                                            ;
+----------+-------+----------+------------------------------------------------------------------------------------------------------------------------------------------------------------------------------------+
; c_in     ; Input ; Warning  ; Input port expression (32 bits) is wider than the input port (1 bits) it drives.  The 31 most-significant bit(s) in the expression will be dangling if they have no other fanouts. ;
; c_in[-1] ; Input ; Info     ; Stuck at GND                                                                                                                                                                       ;
+----------+-------+----------+------------------------------------------------------------------------------------------------------------------------------------------------------------------------------------+


+-----------------------------------------------------+
; Post-Synthesis Netlist Statistics for Top Partition ;
+-----------------------+-----------------------------+
; Type                  ; Count                       ;
+-----------------------+-----------------------------+
; boundary_port         ; 93                          ;
; cycloneiii_ff         ; 19                          ;
;     CLR               ; 19                          ;
; cycloneiii_lcell_comb ; 175                         ;
;     normal            ; 175                         ;
;         1 data inputs ; 8                           ;
;         2 data inputs ; 20                          ;
;         3 data inputs ; 26                          ;
;         4 data inputs ; 121                         ;
;                       ;                             ;
; Max LUT depth         ; 9.00                        ;
; Average LUT depth     ; 4.81                        ;
+-----------------------+-----------------------------+


+-------------------------------+
; Elapsed Time Per Partition    ;
+----------------+--------------+
; Partition Name ; Elapsed Time ;
+----------------+--------------+
; Top            ; 00:00:00     ;
+----------------+--------------+


+-------------------------------+
; Analysis & Synthesis Messages ;
+-------------------------------+
Info: *******************************************************************
Info: Running Quartus II 64-Bit Analysis & Synthesis
    Info: Version 14.0.0 Build 200 06/17/2014 SJ Full Version
    Info: Processing started: Fri Feb 13 12:56:42 2015
Info: Command: quartus_map --read_settings_files=on --write_settings_files=off carry_select -c carry_select
Info (20030): Parallel compilation is enabled and will use 4 of the 4 processors detected
Info (12021): Found 1 design units, including 1 entities, in source file mux21.sv
    Info (12023): Found entity 1: mux21
Info (12021): Found 1 design units, including 1 entities, in source file full_adder_4.sv
    Info (12023): Found entity 1: full_adder_4
Info (12021): Found 1 design units, including 1 entities, in source file carry_select16.sv
    Info (12023): Found entity 1: carry_select16
Info (12021): Found 1 design units, including 1 entities, in source file mux21_4.sv
    Info (12023): Found entity 1: mux21_4
Info (12021): Found 1 design units, including 1 entities, in source file reg_17.sv
    Info (12023): Found entity 1: reg_17
Info (12021): Found 1 design units, including 1 entities, in source file hexdriver.sv
    Info (12023): Found entity 1: HexDriver
Info (12021): Found 1 design units, including 1 entities, in source file full_adder.sv
    Info (12023): Found entity 1: full_adder
Info (12021): Found 1 design units, including 1 entities, in source file control.sv
    Info (12023): Found entity 1: control
Info (12021): Found 1 design units, including 1 entities, in source file carry_select.sv
    Info (12023): Found entity 1: carry_select
Info (12127): Elaborating entity "carry_select" for the top level hierarchy
Info (12128): Elaborating entity "reg_17" for hierarchy "reg_17:Reg"
Info (12128): Elaborating entity "carry_select16" for hierarchy "carry_select16:csa"
Info (12128): Elaborating entity "full_adder_4" for hierarchy "carry_select16:csa|full_adder_4:FA0"
Info (12128): Elaborating entity "full_adder" for hierarchy "carry_select16:csa|full_adder_4:FA0|full_adder:FA0"
Info (12128): Elaborating entity "mux21_4" for hierarchy "carry_select16:csa|mux21_4:mux1"
Info (12128): Elaborating entity "mux21" for hierarchy "carry_select16:csa|mux21_4:mux1|mux21:mux0"
Info (12128): Elaborating entity "control" for hierarchy "control:Ctrl"
Info (12128): Elaborating entity "HexDriver" for hierarchy "HexDriver:HexA0"
Warning (12241): 6 hierarchies have connectivity warnings - see the Connectivity Checks report folder
Warning (13004): Presettable and clearable registers converted to equivalent circuits with latches. Registers power-up to an undefined state, and DEVCLRn places the registers in an undefined state.
    Warning (13310): Register "reg_17:Reg|Data_Out[0]" is converted into an equivalent circuit using register "reg_17:Reg|Data_Out[0]~_emulated" and latch "reg_17:Reg|Data_Out[0]~1"
    Warning (13310): Register "reg_17:Reg|Data_Out[1]" is converted into an equivalent circuit using register "reg_17:Reg|Data_Out[1]~_emulated" and latch "reg_17:Reg|Data_Out[1]~6"
    Warning (13310): Register "reg_17:Reg|Data_Out[2]" is converted into an equivalent circuit using register "reg_17:Reg|Data_Out[2]~_emulated" and latch "reg_17:Reg|Data_Out[2]~11"
    Warning (13310): Register "reg_17:Reg|Data_Out[3]" is converted into an equivalent circuit using register "reg_17:Reg|Data_Out[3]~_emulated" and latch "reg_17:Reg|Data_Out[3]~16"
    Warning (13310): Register "reg_17:Reg|Data_Out[4]" is converted into an equivalent circuit using register "reg_17:Reg|Data_Out[4]~_emulated" and latch "reg_17:Reg|Data_Out[4]~21"
    Warning (13310): Register "reg_17:Reg|Data_Out[5]" is converted into an equivalent circuit using register "reg_17:Reg|Data_Out[5]~_emulated" and latch "reg_17:Reg|Data_Out[5]~26"
    Warning (13310): Register "reg_17:Reg|Data_Out[6]" is converted into an equivalent circuit using register "reg_17:Reg|Data_Out[6]~_emulated" and latch "reg_17:Reg|Data_Out[6]~31"
    Warning (13310): Register "reg_17:Reg|Data_Out[7]" is converted into an equivalent circuit using register "reg_17:Reg|Data_Out[7]~_emulated" and latch "reg_17:Reg|Data_Out[7]~36"
    Warning (13310): Register "reg_17:Reg|Data_Out[8]" is converted into an equivalent circuit using register "reg_17:Reg|Data_Out[8]~_emulated" and latch "reg_17:Reg|Data_Out[8]~41"
    Warning (13310): Register "reg_17:Reg|Data_Out[9]" is converted into an equivalent circuit using register "reg_17:Reg|Data_Out[9]~_emulated" and latch "reg_17:Reg|Data_Out[9]~46"
    Warning (13310): Register "reg_17:Reg|Data_Out[10]" is converted into an equivalent circuit using register "reg_17:Reg|Data_Out[10]~_emulated" and latch "reg_17:Reg|Data_Out[10]~51"
    Warning (13310): Register "reg_17:Reg|Data_Out[11]" is converted into an equivalent circuit using register "reg_17:Reg|Data_Out[11]~_emulated" and latch "reg_17:Reg|Data_Out[11]~56"
    Warning (13310): Register "reg_17:Reg|Data_Out[12]" is converted into an equivalent circuit using register "reg_17:Reg|Data_Out[12]~_emulated" and latch "reg_17:Reg|Data_Out[12]~61"
    Warning (13310): Register "reg_17:Reg|Data_Out[13]" is converted into an equivalent circuit using register "reg_17:Reg|Data_Out[13]~_emulated" and latch "reg_17:Reg|Data_Out[13]~66"
    Warning (13310): Register "reg_17:Reg|Data_Out[14]" is converted into an equivalent circuit using register "reg_17:Reg|Data_Out[14]~_emulated" and latch "reg_17:Reg|Data_Out[14]~71"
    Warning (13310): Register "reg_17:Reg|Data_Out[15]" is converted into an equivalent circuit using register "reg_17:Reg|Data_Out[15]~_emulated" and latch "reg_17:Reg|Data_Out[15]~76"
Info (286030): Timing-Driven Synthesis is running
Info (17049): 2 registers lost all their fanouts during netlist optimizations.
Info (144001): Generated suppressed messages file U:/Carry_select/output_files/carry_select.map.smsg
Info (16010): Generating hard_block partition "hard_block:auto_generated_inst"
    Info (16011): Adding 0 node(s), including 0 DDIO, 0 PLL, 0 transceiver and 0 LCELL
Info (21057): Implemented 260 device resources after synthesis - the final resource count might be different
    Info (21058): Implemented 20 input pins
    Info (21059): Implemented 73 output pins
    Info (21061): Implemented 167 logic cells
Info: Quartus II 64-Bit Analysis & Synthesis was successful. 0 errors, 18 warnings
    Info: Peak virtual memory: 562 megabytes
    Info: Processing ended: Fri Feb 13 12:56:46 2015
    Info: Elapsed time: 00:00:04
    Info: Total CPU time (on all processors): 00:00:02


+------------------------------------------+
; Analysis & Synthesis Suppressed Messages ;
+------------------------------------------+
The suppressed messages can be found in U:/Carry_select/output_files/carry_select.map.smsg.


