Analysis & Synthesis report for carry_ripple16
Thu Feb 12 17:35:58 2015
Quartus II 64-Bit Version 14.0.0 Build 200 06/17/2014 SJ Web Edition


---------------------
; Table of Contents ;
---------------------
  1. Legal Notice
  2. Analysis & Synthesis Summary
  3. Analysis & Synthesis Settings
  4. Parallel Compilation
  5. Analysis & Synthesis Source Files Read
  6. Analysis & Synthesis Resource Usage Summary
  7. Analysis & Synthesis Resource Utilization by Entity
  8. State Machine - |carry_ripple16|control:control_unit|cur_state
  9. Registers Removed During Synthesis
 10. Removed Registers Triggering Further Register Optimizations
 11. General Register Statistics
 12. Port Connectivity Checks: "carry_ripple_unit:compute_unit"
 13. Port Connectivity Checks: "reg_17:reg_unit"
 14. Post-Synthesis Netlist Statistics for Top Partition
 15. Elapsed Time Per Partition
 16. Analysis & Synthesis Messages
 17. Analysis & Synthesis Suppressed Messages



----------------
; Legal Notice ;
----------------
Copyright (C) 1991-2014 Altera Corporation. All rights reserved.
Your use of Altera Corporation's design tools, logic functions 
and other software and tools, and its AMPP partner logic 
functions, and any output files from any of the foregoing 
(including device programming or simulation files), and any 
associated documentation or information are expressly subject 
to the terms and conditions of the Altera Program License 
Subscription Agreement, the Altera Quartus II License Agreement,
the Altera MegaCore Function License Agreement, or other 
applicable license agreement, including, without limitation, 
that your use is for the sole purpose of programming logic 
devices manufactured by Altera and sold by Altera or its 
authorized distributors.  Please refer to the applicable 
agreement for further details.



+---------------------------------------------------------------------------------+
; Analysis & Synthesis Summary                                                    ;
+------------------------------------+--------------------------------------------+
; Analysis & Synthesis Status        ; Successful - Thu Feb 12 17:35:58 2015      ;
; Quartus II 64-Bit Version          ; 14.0.0 Build 200 06/17/2014 SJ Web Edition ;
; Revision Name                      ; carry_ripple16                             ;
; Top-level Entity Name              ; carry_ripple16                             ;
; Family                             ; Cyclone IV E                               ;
; Total logic elements               ; 0                                          ;
;     Total combinational functions  ; 0                                          ;
;     Dedicated logic registers      ; 0                                          ;
; Total registers                    ; 0                                          ;
; Total pins                         ; 92                                         ;
; Total virtual pins                 ; 0                                          ;
; Total memory bits                  ; 0                                          ;
; Embedded Multiplier 9-bit elements ; 0                                          ;
; Total PLLs                         ; 0                                          ;
+------------------------------------+--------------------------------------------+


+----------------------------------------------------------------------------------------------------------------------+
; Analysis & Synthesis Settings                                                                                        ;
+----------------------------------------------------------------------------+--------------------+--------------------+
; Option                                                                     ; Setting            ; Default Value      ;
+----------------------------------------------------------------------------+--------------------+--------------------+
; Device                                                                     ; EP4CE115F29C7      ;                    ;
; Top-level entity name                                                      ; carry_ripple16     ; carry_ripple16     ;
; Family name                                                                ; Cyclone IV E       ; Cyclone IV GX      ;
; Use smart compilation                                                      ; Off                ; Off                ;
; Enable parallel Assembler and TimeQuest Timing Analyzer during compilation ; On                 ; On                 ;
; Enable compact report table                                                ; Off                ; Off                ;
; Restructure Multiplexers                                                   ; Auto               ; Auto               ;
; Create Debugging Nodes for IP Cores                                        ; Off                ; Off                ;
; Preserve fewer node names                                                  ; On                 ; On                 ;
; Disable OpenCore Plus hardware evaluation                                  ; Off                ; Off                ;
; Verilog Version                                                            ; Verilog_2001       ; Verilog_2001       ;
; VHDL Version                                                               ; VHDL_1993          ; VHDL_1993          ;
; State Machine Processing                                                   ; Auto               ; Auto               ;
; Safe State Machine                                                         ; Off                ; Off                ;
; Extract Verilog State Machines                                             ; On                 ; On                 ;
; Extract VHDL State Machines                                                ; On                 ; On                 ;
; Ignore Verilog initial constructs                                          ; Off                ; Off                ;
; Iteration limit for constant Verilog loops                                 ; 5000               ; 5000               ;
; Iteration limit for non-constant Verilog loops                             ; 250                ; 250                ;
; Add Pass-Through Logic to Inferred RAMs                                    ; On                 ; On                 ;
; Infer RAMs from Raw Logic                                                  ; On                 ; On                 ;
; Parallel Synthesis                                                         ; On                 ; On                 ;
; DSP Block Balancing                                                        ; Auto               ; Auto               ;
; NOT Gate Push-Back                                                         ; On                 ; On                 ;
; Power-Up Don't Care                                                        ; On                 ; On                 ;
; Remove Redundant Logic Cells                                               ; Off                ; Off                ;
; Remove Duplicate Registers                                                 ; On                 ; On                 ;
; Ignore CARRY Buffers                                                       ; Off                ; Off                ;
; Ignore CASCADE Buffers                                                     ; Off                ; Off                ;
; Ignore GLOBAL Buffers                                                      ; Off                ; Off                ;
; Ignore ROW GLOBAL Buffers                                                  ; Off                ; Off                ;
; Ignore LCELL Buffers                                                       ; Off                ; Off                ;
; Ignore SOFT Buffers                                                        ; On                 ; On                 ;
; Limit AHDL Integers to 32 Bits                                             ; Off                ; Off                ;
; Optimization Technique                                                     ; Balanced           ; Balanced           ;
; Carry Chain Length                                                         ; 70                 ; 70                 ;
; Auto Carry Chains                                                          ; On                 ; On                 ;
; Auto Open-Drain Pins                                                       ; On                 ; On                 ;
; Perform WYSIWYG Primitive Resynthesis                                      ; Off                ; Off                ;
; Auto ROM Replacement                                                       ; On                 ; On                 ;
; Auto RAM Replacement                                                       ; On                 ; On                 ;
; Auto DSP Block Replacement                                                 ; On                 ; On                 ;
; Auto Shift Register Replacement                                            ; Auto               ; Auto               ;
; Allow Shift Register Merging across Hierarchies                            ; Auto               ; Auto               ;
; Auto Clock Enable Replacement                                              ; On                 ; On                 ;
; Strict RAM Replacement                                                     ; Off                ; Off                ;
; Allow Synchronous Control Signals                                          ; On                 ; On                 ;
; Force Use of Synchronous Clear Signals                                     ; Off                ; Off                ;
; Auto RAM Block Balancing                                                   ; On                 ; On                 ;
; Auto RAM to Logic Cell Conversion                                          ; Off                ; Off                ;
; Auto Resource Sharing                                                      ; Off                ; Off                ;
; Allow Any RAM Size For Recognition                                         ; Off                ; Off                ;
; Allow Any ROM Size For Recognition                                         ; Off                ; Off                ;
; Allow Any Shift Register Size For Recognition                              ; Off                ; Off                ;
; Use LogicLock Constraints during Resource Balancing                        ; On                 ; On                 ;
; Ignore translate_off and synthesis_off directives                          ; Off                ; Off                ;
; Timing-Driven Synthesis                                                    ; On                 ; On                 ;
; Report Parameter Settings                                                  ; On                 ; On                 ;
; Report Source Assignments                                                  ; On                 ; On                 ;
; Report Connectivity Checks                                                 ; On                 ; On                 ;
; Ignore Maximum Fan-Out Assignments                                         ; Off                ; Off                ;
; Synchronization Register Chain Length                                      ; 2                  ; 2                  ;
; PowerPlay Power Optimization                                               ; Normal compilation ; Normal compilation ;
; HDL message level                                                          ; Level2             ; Level2             ;
; Suppress Register Optimization Related Messages                            ; Off                ; Off                ;
; Number of Removed Registers Reported in Synthesis Report                   ; 5000               ; 5000               ;
; Number of Swept Nodes Reported in Synthesis Report                         ; 5000               ; 5000               ;
; Number of Inverted Registers Reported in Synthesis Report                  ; 100                ; 100                ;
; Clock MUX Protection                                                       ; On                 ; On                 ;
; Auto Gated Clock Conversion                                                ; Off                ; Off                ;
; Block Design Naming                                                        ; Auto               ; Auto               ;
; SDC constraint protection                                                  ; Off                ; Off                ;
; Synthesis Effort                                                           ; Auto               ; Auto               ;
; Shift Register Replacement - Allow Asynchronous Clear Signal               ; On                 ; On                 ;
; Pre-Mapping Resynthesis Optimization                                       ; Off                ; Off                ;
; Analysis & Synthesis Message Level                                         ; Medium             ; Medium             ;
; Disable Register Merging Across Hierarchies                                ; Auto               ; Auto               ;
; Resource Aware Inference For Block RAM                                     ; On                 ; On                 ;
; Synthesis Seed                                                             ; 1                  ; 1                  ;
+----------------------------------------------------------------------------+--------------------+--------------------+


Parallel compilation was disabled, but you have multiple processors available. Enable parallel compilation to reduce compilation time.
+-------------------------------------+
; Parallel Compilation                ;
+----------------------------+--------+
; Processors                 ; Number ;
+----------------------------+--------+
; Number detected on machine ; 8      ;
; Maximum allowed            ; 1      ;
+----------------------------+--------+


+-------------------------------------------------------------------------------------------------------------------------------------------------------------------------------------------+
; Analysis & Synthesis Source Files Read                                                                                                                                                    ;
+----------------------------------+-----------------+------------------------------+---------------------------------------------------------------------------------------------+---------+
; File Name with User-Entered Path ; Used in Netlist ; File Type                    ; File Name with Absolute Path                                                                ; Library ;
+----------------------------------+-----------------+------------------------------+---------------------------------------------------------------------------------------------+---------+
; HexDriver.sv                     ; yes             ; User SystemVerilog HDL File  ; C:/Users/Ellie/Documents/GitHub/ECE385/Lab4/ECE385_16-bit_Carry_Ripple/HexDriver.sv         ;         ;
; full_adder.sv                    ; yes             ; User SystemVerilog HDL File  ; C:/Users/Ellie/Documents/GitHub/ECE385/Lab4/ECE385_16-bit_Carry_Ripple/full_adder.sv        ;         ;
; carry_ripple16.sv                ; yes             ; User SystemVerilog HDL File  ; C:/Users/Ellie/Documents/GitHub/ECE385/Lab4/ECE385_16-bit_Carry_Ripple/carry_ripple16.sv    ;         ;
; reg_17.sv                        ; yes             ; User SystemVerilog HDL File  ; C:/Users/Ellie/Documents/GitHub/ECE385/Lab4/ECE385_16-bit_Carry_Ripple/reg_17.sv            ;         ;
; control.sv                       ; yes             ; User SystemVerilog HDL File  ; C:/Users/Ellie/Documents/GitHub/ECE385/Lab4/ECE385_16-bit_Carry_Ripple/control.sv           ;         ;
; carry_ripple_unit.sv             ; yes             ; User SystemVerilog HDL File  ; C:/Users/Ellie/Documents/GitHub/ECE385/Lab4/ECE385_16-bit_Carry_Ripple/carry_ripple_unit.sv ;         ;
+----------------------------------+-----------------+------------------------------+---------------------------------------------------------------------------------------------+---------+


+------------------------------------------------------+
; Analysis & Synthesis Resource Usage Summary          ;
+---------------------------------------------+--------+
; Resource                                    ; Usage  ;
+---------------------------------------------+--------+
;                                             ;        ;
; Total combinational functions               ; 0      ;
; Logic element usage by number of LUT inputs ;        ;
;     -- 4 input functions                    ; 0      ;
;     -- 3 input functions                    ; 0      ;
;     -- <=2 input functions                  ; 0      ;
;                                             ;        ;
; Logic elements by mode                      ;        ;
;     -- normal mode                          ; 0      ;
;     -- arithmetic mode                      ; 0      ;
;                                             ;        ;
; Total registers                             ; 0      ;
;     -- Dedicated logic registers            ; 0      ;
;     -- I/O registers                        ; 0      ;
;                                             ;        ;
; I/O pins                                    ; 92     ;
; Embedded Multiplier 9-bit elements          ; 0      ;
; Maximum fan-out node                        ; Load_B ;
; Maximum fan-out                             ; 1      ;
; Total fan-out                               ; 108    ;
; Average fan-out                             ; 0.59   ;
+---------------------------------------------+--------+


+-----------------------------------------------------------------------------------------------------------------------------------------------------------------------------+
; Analysis & Synthesis Resource Utilization by Entity                                                                                                                         ;
+----------------------------+-------------------+--------------+-------------+--------------+---------+-----------+------+--------------+---------------------+--------------+
; Compilation Hierarchy Node ; LC Combinationals ; LC Registers ; Memory Bits ; DSP Elements ; DSP 9x9 ; DSP 18x18 ; Pins ; Virtual Pins ; Full Hierarchy Name ; Library Name ;
+----------------------------+-------------------+--------------+-------------+--------------+---------+-----------+------+--------------+---------------------+--------------+
; |carry_ripple16            ; 0 (0)             ; 0 (0)        ; 0           ; 0            ; 0       ; 0         ; 92   ; 0            ; |carry_ripple16     ; work         ;
+----------------------------+-------------------+--------------+-------------+--------------+---------+-----------+------+--------------+---------------------+--------------+
Note: For table entries with two numbers listed, the numbers in parentheses indicate the number of resources of the given type used by the specific entity alone. The numbers listed outside of parentheses indicate the total resources of the given type used by the specific entity and all of its sub-entities in the hierarchy.


Encoding Type:  One-Hot
+---------------------------------------------------------------------+
; State Machine - |carry_ripple16|control:control_unit|cur_state      ;
+-------------+-------------+-------------+-------------+-------------+
; Name        ; cur_state.D ; cur_state.C ; cur_state.B ; cur_state.A ;
+-------------+-------------+-------------+-------------+-------------+
; cur_state.A ; 0           ; 0           ; 0           ; 0           ;
; cur_state.B ; 0           ; 0           ; 1           ; 1           ;
; cur_state.C ; 0           ; 1           ; 0           ; 1           ;
; cur_state.D ; 1           ; 0           ; 0           ; 1           ;
+-------------+-------------+-------------+-------------+-------------+


+---------------------------------------------------------------------------------+
; Registers Removed During Synthesis                                              ;
+----------------------------------------+----------------------------------------+
; Register name                          ; Reason for Removal                     ;
+----------------------------------------+----------------------------------------+
; reg_17:reg_unit|Data_Out[0..15]        ; Stuck at GND due to stuck port data_in ;
; reg_17:reg_unit|Overflow               ; Stuck at GND due to stuck port data_in ;
; control:control_unit|cur_state.A       ; Lost fanout                            ;
; control:control_unit|cur_state.B       ; Lost fanout                            ;
; control:control_unit|cur_state.C       ; Lost fanout                            ;
; control:control_unit|cur_state.D       ; Lost fanout                            ;
; control:control_unit|cur_state~2       ; Lost fanout                            ;
; control:control_unit|cur_state~3       ; Lost fanout                            ;
; control:control_unit|cur_state~4       ; Lost fanout                            ;
; control:control_unit|cur_state~5       ; Lost fanout                            ;
; Total Number of Removed Registers = 25 ;                                        ;
+----------------------------------------+----------------------------------------+


+---------------------------------------------------------------------------------------------------+
; Removed Registers Triggering Further Register Optimizations                                       ;
+------------------------------+---------------------------+----------------------------------------+
; Register name                ; Reason for Removal        ; Registers Removed due to This Register ;
+------------------------------+---------------------------+----------------------------------------+
; reg_17:reg_unit|Data_Out[15] ; Stuck at GND              ; reg_17:reg_unit|Overflow               ;
;                              ; due to stuck port data_in ;                                        ;
+------------------------------+---------------------------+----------------------------------------+


+------------------------------------------------------+
; General Register Statistics                          ;
+----------------------------------------------+-------+
; Statistic                                    ; Value ;
+----------------------------------------------+-------+
; Total registers                              ; 0     ;
; Number of registers using Synchronous Clear  ; 0     ;
; Number of registers using Synchronous Load   ; 0     ;
; Number of registers using Asynchronous Clear ; 0     ;
; Number of registers using Asynchronous Load  ; 0     ;
; Number of registers using Clock Enable       ; 0     ;
; Number of registers using Preset             ; 0     ;
+----------------------------------------------+-------+


+------------------------------------------------------------+
; Port Connectivity Checks: "carry_ripple_unit:compute_unit" ;
+------+-------+----------+----------------------------------+
; Port ; Type  ; Severity ; Details                          ;
+------+-------+----------+----------------------------------+
; c_in ; Input ; Info     ; Stuck at GND                     ;
+------+-------+----------+----------------------------------+


+---------------------------------------------+
; Port Connectivity Checks: "reg_17:reg_unit" ;
+---------+-------+----------+----------------+
; Port    ; Type  ; Severity ; Details        ;
+---------+-------+----------+----------------+
; Data_In ; Input ; Info     ; Stuck at GND   ;
+---------+-------+----------+----------------+


+-----------------------------------------------------+
; Post-Synthesis Netlist Statistics for Top Partition ;
+-----------------------+-----------------------------+
; Type                  ; Count                       ;
+-----------------------+-----------------------------+
; boundary_port         ; 92                          ;
; cycloneiii_lcell_comb ; 2                           ;
;     normal            ; 2                           ;
;         0 data inputs ; 2                           ;
;                       ;                             ;
; Max LUT depth         ; 0.00                        ;
; Average LUT depth     ; 0.00                        ;
+-----------------------+-----------------------------+


+-------------------------------+
; Elapsed Time Per Partition    ;
+----------------+--------------+
; Partition Name ; Elapsed Time ;
+----------------+--------------+
; Top            ; 00:00:00     ;
+----------------+--------------+


+-------------------------------+
; Analysis & Synthesis Messages ;
+-------------------------------+
Info: *******************************************************************
Info: Running Quartus II 64-Bit Analysis & Synthesis
    Info: Version 14.0.0 Build 200 06/17/2014 SJ Web Edition
    Info: Processing started: Thu Feb 12 17:35:56 2015
Info: Command: quartus_map --read_settings_files=on --write_settings_files=off Processor -c carry_ripple16
Warning (20028): Parallel compilation is not licensed and has been disabled
Info (12021): Found 1 design units, including 1 entities, in source file hexdriver.sv
    Info (12023): Found entity 1: HexDriver
Info (12021): Found 1 design units, including 1 entities, in source file full_adder.sv
    Info (12023): Found entity 1: full_adder
Info (12021): Found 1 design units, including 1 entities, in source file carry_ripple16.sv
    Info (12023): Found entity 1: carry_ripple16
Info (12021): Found 1 design units, including 1 entities, in source file reg_17.sv
    Info (12023): Found entity 1: reg_17
Info (12021): Found 1 design units, including 1 entities, in source file control.sv
    Info (12023): Found entity 1: control
Info (12021): Found 1 design units, including 1 entities, in source file carry_ripple_unit.sv
    Info (12023): Found entity 1: carry_ripple_unit
Info (12127): Elaborating entity "carry_ripple16" for the top level hierarchy
Warning (10030): Net "Ofl" at carry_ripple16.sv(18) has no driver or initial value, using a default initial value '0'
Info (12128): Elaborating entity "reg_17" for hierarchy "reg_17:reg_unit"
Info (12128): Elaborating entity "carry_ripple_unit" for hierarchy "carry_ripple_unit:compute_unit"
Info (12128): Elaborating entity "full_adder" for hierarchy "carry_ripple_unit:compute_unit|full_adder:FA0"
Info (12128): Elaborating entity "control" for hierarchy "control:control_unit"
Info (12128): Elaborating entity "HexDriver" for hierarchy "HexDriver:HexA0"
Warning (13024): Output pins are stuck at VCC or GND
    Warning (13410): Pin "Overflow" is stuck at GND
    Warning (13410): Pin "Ahex0[0]" is stuck at GND
    Warning (13410): Pin "Ahex0[1]" is stuck at GND
    Warning (13410): Pin "Ahex0[2]" is stuck at GND
    Warning (13410): Pin "Ahex0[3]" is stuck at GND
    Warning (13410): Pin "Ahex0[4]" is stuck at GND
    Warning (13410): Pin "Ahex0[5]" is stuck at GND
    Warning (13410): Pin "Ahex0[6]" is stuck at VCC
    Warning (13410): Pin "Ahex1[0]" is stuck at GND
    Warning (13410): Pin "Ahex1[1]" is stuck at GND
    Warning (13410): Pin "Ahex1[2]" is stuck at GND
    Warning (13410): Pin "Ahex1[3]" is stuck at GND
    Warning (13410): Pin "Ahex1[4]" is stuck at GND
    Warning (13410): Pin "Ahex1[5]" is stuck at GND
    Warning (13410): Pin "Ahex1[6]" is stuck at VCC
    Warning (13410): Pin "Ahex2[0]" is stuck at GND
    Warning (13410): Pin "Ahex2[1]" is stuck at GND
    Warning (13410): Pin "Ahex2[2]" is stuck at GND
    Warning (13410): Pin "Ahex2[3]" is stuck at GND
    Warning (13410): Pin "Ahex2[4]" is stuck at GND
    Warning (13410): Pin "Ahex2[5]" is stuck at GND
    Warning (13410): Pin "Ahex2[6]" is stuck at VCC
    Warning (13410): Pin "Ahex3[0]" is stuck at GND
    Warning (13410): Pin "Ahex3[1]" is stuck at GND
    Warning (13410): Pin "Ahex3[2]" is stuck at GND
    Warning (13410): Pin "Ahex3[3]" is stuck at GND
    Warning (13410): Pin "Ahex3[4]" is stuck at GND
    Warning (13410): Pin "Ahex3[5]" is stuck at GND
    Warning (13410): Pin "Ahex3[6]" is stuck at VCC
    Warning (13410): Pin "Bhex0[0]" is stuck at GND
    Warning (13410): Pin "Bhex0[1]" is stuck at GND
    Warning (13410): Pin "Bhex0[2]" is stuck at GND
    Warning (13410): Pin "Bhex0[3]" is stuck at GND
    Warning (13410): Pin "Bhex0[4]" is stuck at GND
    Warning (13410): Pin "Bhex0[5]" is stuck at GND
    Warning (13410): Pin "Bhex0[6]" is stuck at VCC
    Warning (13410): Pin "Bhex1[0]" is stuck at GND
    Warning (13410): Pin "Bhex1[1]" is stuck at GND
    Warning (13410): Pin "Bhex1[2]" is stuck at GND
    Warning (13410): Pin "Bhex1[3]" is stuck at GND
    Warning (13410): Pin "Bhex1[4]" is stuck at GND
    Warning (13410): Pin "Bhex1[5]" is stuck at GND
    Warning (13410): Pin "Bhex1[6]" is stuck at VCC
    Warning (13410): Pin "Bhex2[0]" is stuck at GND
    Warning (13410): Pin "Bhex2[1]" is stuck at GND
    Warning (13410): Pin "Bhex2[2]" is stuck at GND
    Warning (13410): Pin "Bhex2[3]" is stuck at GND
    Warning (13410): Pin "Bhex2[4]" is stuck at GND
    Warning (13410): Pin "Bhex2[5]" is stuck at GND
    Warning (13410): Pin "Bhex2[6]" is stuck at VCC
    Warning (13410): Pin "Bhex3[0]" is stuck at GND
    Warning (13410): Pin "Bhex3[1]" is stuck at GND
    Warning (13410): Pin "Bhex3[2]" is stuck at GND
    Warning (13410): Pin "Bhex3[3]" is stuck at GND
    Warning (13410): Pin "Bhex3[4]" is stuck at GND
    Warning (13410): Pin "Bhex3[5]" is stuck at GND
    Warning (13410): Pin "Bhex3[6]" is stuck at VCC
Info (17049): 8 registers lost all their fanouts during netlist optimizations.
Info (144001): Generated suppressed messages file C:/Users/Ellie/Documents/GitHub/ECE385/Lab4/ECE385_16-bit_Carry_Ripple/output_files/carry_ripple16.map.smsg
Info (16010): Generating hard_block partition "hard_block:auto_generated_inst"
    Info (16011): Adding 0 node(s), including 0 DDIO, 0 PLL, 0 transceiver and 0 LCELL
Warning (21074): Design contains 3 input pin(s) that do not drive logic
    Warning (15610): No output dependent on input pin "Load_B"
    Warning (15610): No output dependent on input pin "Run"
    Warning (15610): No output dependent on input pin "Reset"
Info (21057): Implemented 92 device resources after synthesis - the final resource count might be different
    Info (21058): Implemented 19 input pins
    Info (21059): Implemented 73 output pins
Info: Quartus II 64-Bit Analysis & Synthesis was successful. 0 errors, 64 warnings
    Info: Peak virtual memory: 525 megabytes
    Info: Processing ended: Thu Feb 12 17:35:58 2015
    Info: Elapsed time: 00:00:02
    Info: Total CPU time (on all processors): 00:00:02


+------------------------------------------+
; Analysis & Synthesis Suppressed Messages ;
+------------------------------------------+
The suppressed messages can be found in C:/Users/Ellie/Documents/GitHub/ECE385/Lab4/ECE385_16-bit_Carry_Ripple/output_files/carry_ripple16.map.smsg.


